This is pdfTeX, Version 3.14159265-2.6-1.40.16 (TeX Live 2015/Debian) (preloaded format=pdflatex 2018.9.25)  10 OCT 2018 15:11
entering extended mode
 \write18 enabled.
 file:line:error style messages enabled.
 %&-line parsing enabled.
**integral.tex
(./integral.tex
LaTeX2e <2016/02/01>
Babel <3.9q> and hyphenation patterns for 81 language(s) loaded.
./integral.tex:2: Undefined control sequence.
l.2 \section
            {ŒüŒªŒøŒ∫ŒªŒ∑œÅœéŒºŒ±œÑŒ±}
The control sequence at the end of the top line
of your error message was never \def'ed. If you have
misspelled it (e.g., `\hobx'), type `I' and the correct
spelling (e.g., `I\hbox'). Otherwise just continue,
and I'll forget about whatever was undefined.


./integral.tex:2: LaTeX Error: Missing \begin{document}.

See the LaTeX manual or LaTeX Companion for explanation.
Type  H <return>  for immediate help.
 ...                                              
                                                  
l.2 \section{Œ
              üŒªŒøŒ∫ŒªŒ∑œÅœéŒºŒ±œÑŒ±}
You're in trouble here.  Try typing  <return>  to proceed.
If that doesn't work, type  X <return>  to quit.

Missing character: There is no Œ in font nullfont!
Missing character: There is no ü in font nullfont!
Missing character: There is no Œ in font nullfont!
Missing character: There is no ª in font nullfont!
Missing character: There is no Œ in font nullfont!
Missing character: There is no ø in font nullfont!
Missing character: There is no Œ in font nullfont!
Missing character: There is no ∫ in font nullfont!
Missing character: There is no Œ in font nullfont!
Missing character: There is no ª in font nullfont!
Missing character: There is no Œ in font nullfont!
Missing character: There is no ∑ in font nullfont!
Missing character: There is no œ in font nullfont!
Missing character: There is no Å in font nullfont!
Missing character: There is no œ in font nullfont!
Missing character: There is no é in font nullfont!
Missing character: There is no Œ in font nullfont!
Missing character: There is no º in font nullfont!
Missing character: There is no Œ in font nullfont!
Missing character: There is no ± in font nullfont!
Missing character: There is no œ in font nullfont!
Missing character: There is no Ñ in font nullfont!
Missing character: There is no Œ in font nullfont!
Missing character: There is no ± in font nullfont!

Overfull \hbox (20.0pt too wide) in paragraph at lines 2--3
[] 
 []

./integral.tex:4: Undefined control sequence.
l.4 \subsection
               {ŒüœÅŒπœÉŒºœåœÇ ŒëœåœÅŒπœÉœÑŒøœÖ ŒüŒªŒøŒ∫ŒªŒ∑œÅœéŒºŒ±œÑŒøœÇ}
The control sequence at the end of the top line
of your error message was never \def'ed. If you have
misspelled it (e.g., `\hobx'), type `I' and the correct
spelling (e.g., `I\hbox'). Otherwise just continue,
and I'll forget about whatever was undefined.


./integral.tex:4: LaTeX Error: Missing \begin{document}.

See the LaTeX manual or LaTeX Companion for explanation.
Type  H <return>  for immediate help.
 ...                                              
                                                  
l.4 \subsection{Œ
                 üœÅŒπœÉŒºœåœÇ ŒëœåœÅŒπœÉœÑŒøœÖ ŒüŒªŒøŒ∫ŒªŒ∑œÅœéŒºŒ±œÑŒøœÇ}
You're in trouble here.  Try typing  <return>  to proceed.
If that doesn't work, type  X <return>  to quit.

Missing character: There is no Œ in font nullfont!
Missing character: There is no ü in font nullfont!
Missing character: There is no œ in font nullfont!
Missing character: There is no Å in font nullfont!
Missing character: There is no Œ in font nullfont!
Missing character: There is no π in font nullfont!
Missing character: There is no œ in font nullfont!
Missing character: There is no É in font nullfont!
Missing character: There is no Œ in font nullfont!
Missing character: There is no º in font nullfont!
Missing character: There is no œ in font nullfont!
Missing character: There is no å in font nullfont!
Missing character: There is no œ in font nullfont!
Missing character: There is no Ç in font nullfont!
Missing character: There is no Œ in font nullfont!
Missing character: There is no ë in font nullfont!
Missing character: There is no œ in font nullfont!
Missing character: There is no å in font nullfont!
Missing character: There is no œ in font nullfont!
Missing character: There is no Å in font nullfont!
Missing character: There is no Œ in font nullfont!
Missing character: There is no π in font nullfont!
Missing character: There is no œ in font nullfont!
Missing character: There is no É in font nullfont!
Missing character: There is no œ in font nullfont!
Missing character: There is no Ñ in font nullfont!
Missing character: There is no Œ in font nullfont!
Missing character: There is no ø in font nullfont!
Missing character: There is no œ in font nullfont!
Missing character: There is no Ö in font nullfont!
Missing character: There is no Œ in font nullfont!
Missing character: There is no ü in font nullfont!
Missing character: There is no Œ in font nullfont!
Missing character: There is no ª in font nullfont!
Missing character: There is no Œ in font nullfont!
Missing character: There is no ø in font nullfont!
Missing character: There is no Œ in font nullfont!
Missing character: There is no ∫ in font nullfont!
Missing character: There is no Œ in font nullfont!
Missing character: There is no ª in font nullfont!
Missing character: There is no Œ in font nullfont!
Missing character: There is no ∑ in font nullfont!
Missing character: There is no œ in font nullfont!
Missing character: There is no Å in font nullfont!
Missing character: There is no œ in font nullfont!
Missing character: There is no é in font nullfont!
Missing character: There is no Œ in font nullfont!
Missing character: There is no º in font nullfont!
Missing character: There is no Œ in font nullfont!
Missing character: There is no ± in font nullfont!
Missing character: There is no œ in font nullfont!
Missing character: There is no Ñ in font nullfont!
Missing character: There is no Œ in font nullfont!
Missing character: There is no ø in font nullfont!
Missing character: There is no œ in font nullfont!
Missing character: There is no Ç in font nullfont!

Overfull \hbox (20.0pt too wide) in paragraph at lines 4--5
[]
 []


./integral.tex:6: LaTeX Error: Missing \begin{document}.

See the LaTeX manual or LaTeX Companion for explanation.
Type  H <return>  for immediate help.
 ...                                              
                                                  
l.6 \[
      
You're in trouble here.  Try typing  <return>  to proceed.
If that doesn't work, type  X <return>  to quit.


Overfull \hbox (20.0pt too wide) in paragraph at lines 6--6
[][] 
 []

LaTeX Font Info:    External font `cmex10' loaded for size
(Font)              <7> on input line 6.
LaTeX Font Info:    External font `cmex10' loaded for size
(Font)              <5> on input line 6.

Overfull \hbox (162.94193pt too wide) detected at line 8
[] \OML/cmm/m/it/10 f\OT1/cmr/m/n/10 (\OML/cmm/m/it/10 x\OT1/cmr/m/n/10 ) \OML/cmm/m/it/10 dx \OT1/cmr/m/n/10 = \OML/cmm/m/it/10 F\OT1/cmr/m/n/10 (\OML/cmm/m/it/10 x\OT1/cmr/m/n/10 ) + \OML/cmm/m/it/10 c \OMS/cmsy/m/n/10 , \OML/cmm/m/it/10 F[]\OT1/cmr/m/n/10 (\OML/cmm/m/it/10 x\OT1/cmr/m/n/10 ) = \OML/cmm/m/it/10 f\OT1/cmr/m/n/10 (\OML/cmm/m/it/10 x\OT1/cmr/m/n/10 )
 []

./integral.tex:10: Undefined control sequence.
l.10 \subsection
                {ŒüŒªŒøŒ∫ŒªŒ∑œÅœéŒºŒ±œÑŒ± ŒíŒ±œÉŒπŒ∫œéŒΩ Œ£œÖŒΩŒ±œÅœÑŒÆœÉŒµœ...
The control sequence at the end of the top line
of your error message was never \def'ed. If you have
misspelled it (e.g., `\hobx'), type `I' and the correct
spelling (e.g., `I\hbox'). Otherwise just continue,
and I'll forget about whatever was undefined.


./integral.tex:10: LaTeX Error: Missing \begin{document}.

See the LaTeX manual or LaTeX Companion for explanation.
Type  H <return>  for immediate help.
 ...                                              
                                                  
l.10 \subsection{Œ
                  üŒªŒøŒ∫ŒªŒ∑œÅœéŒºŒ±œÑŒ± ŒíŒ±œÉŒπŒ∫œéŒΩ Œ£œÖŒΩŒ±œÅœÑŒÆœÉŒµœ...
You're in trouble here.  Try typing  <return>  to proceed.
If that doesn't work, type  X <return>  to quit.

Missing character: There is no Œ in font nullfont!
Missing character: There is no ü in font nullfont!
Missing character: There is no Œ in font nullfont!
Missing character: There is no ª in font nullfont!
Missing character: There is no Œ in font nullfont!
Missing character: There is no ø in font nullfont!
Missing character: There is no Œ in font nullfont!
Missing character: There is no ∫ in font nullfont!
Missing character: There is no Œ in font nullfont!
Missing character: There is no ª in font nullfont!
Missing character: There is no Œ in font nullfont!
Missing character: There is no ∑ in font nullfont!
Missing character: There is no œ in font nullfont!
Missing character: There is no Å in font nullfont!
Missing character: There is no œ in font nullfont!
Missing character: There is no é in font nullfont!
Missing character: There is no Œ in font nullfont!
Missing character: There is no º in font nullfont!
Missing character: There is no Œ in font nullfont!
Missing character: There is no ± in font nullfont!
Missing character: There is no œ in font nullfont!
Missing character: There is no Ñ in font nullfont!
Missing character: There is no Œ in font nullfont!
Missing character: There is no ± in font nullfont!
Missing character: There is no Œ in font nullfont!
Missing character: There is no í in font nullfont!
Missing character: There is no Œ in font nullfont!
Missing character: There is no ± in font nullfont!
Missing character: There is no œ in font nullfont!
Missing character: There is no É in font nullfont!
Missing character: There is no Œ in font nullfont!
Missing character: There is no π in font nullfont!
Missing character: There is no Œ in font nullfont!
Missing character: There is no ∫ in font nullfont!
Missing character: There is no œ in font nullfont!
Missing character: There is no é in font nullfont!
Missing character: There is no Œ in font nullfont!
Missing character: There is no Ω in font nullfont!
Missing character: There is no Œ in font nullfont!
Missing character: There is no £ in font nullfont!
Missing character: There is no œ in font nullfont!
Missing character: There is no Ö in font nullfont!
Missing character: There is no Œ in font nullfont!
Missing character: There is no Ω in font nullfont!
Missing character: There is no Œ in font nullfont!
Missing character: There is no ± in font nullfont!
Missing character: There is no œ in font nullfont!
Missing character: There is no Å in font nullfont!
Missing character: There is no œ in font nullfont!
Missing character: There is no Ñ in font nullfont!
Missing character: There is no Œ in font nullfont!
Missing character: There is no Æ in font nullfont!
Missing character: There is no œ in font nullfont!
Missing character: There is no É in font nullfont!
Missing character: There is no Œ in font nullfont!
Missing character: There is no µ in font nullfont!
Missing character: There is no œ in font nullfont!
Missing character: There is no â in font nullfont!
Missing character: There is no Œ in font nullfont!
Missing character: There is no Ω in font nullfont!

Overfull \hbox (20.0pt too wide) in paragraph at lines 10--11
[]
 []


./integral.tex:12: LaTeX Error: Missing \begin{document}.

See the LaTeX manual or LaTeX Companion for explanation.
Type  H <return>  for immediate help.
 ...                                              
                                                  
l.12 \begin{tabular}
                    {@{}*{2}{>{$}l<{$}}@{}}
You're in trouble here.  Try typing  <return>  to proceed.
If that doesn't work, type  X <return>  to quit.


./integral.tex:12: LaTeX Error: Illegal character in array arg.

See the LaTeX manual or LaTeX Companion for explanation.
Type  H <return>  for immediate help.
 ...                                              
                                                  
l.12 \begin{tabular}{@{}*{2}{>{$}l<{$}}@{}}
                                           
You're in trouble here.  Try typing  <return>  to proceed.
If that doesn't work, type  X <return>  to quit.


./integral.tex:12: LaTeX Error: Illegal character in array arg.

See the LaTeX manual or LaTeX Companion for explanation.
Type  H <return>  for immediate help.
 ...                                              
                                                  
l.12 \begin{tabular}{@{}*{2}{>{$}l<{$}}@{}}
                                           
You're in trouble here.  Try typing  <return>  to proceed.
If that doesn't work, type  X <return>  to quit.


./integral.tex:12: LaTeX Error: Illegal character in array arg.

See the LaTeX manual or LaTeX Companion for explanation.
Type  H <return>  for immediate help.
 ...                                              
                                                  
l.12 \begin{tabular}{@{}*{2}{>{$}l<{$}}@{}}
                                           
You're in trouble here.  Try typing  <return>  to proceed.
If that doesn't work, type  X <return>  to quit.


./integral.tex:12: LaTeX Error: Illegal character in array arg.

See the LaTeX manual or LaTeX Companion for explanation.
Type  H <return>  for immediate help.
 ...                                              
                                                  
l.12 \begin{tabular}{@{}*{2}{>{$}l<{$}}@{}}
                                           
You're in trouble here.  Try typing  <return>  to proceed.
If that doesn't work, type  X <return>  to quit.


./integral.tex:12: LaTeX Error: Illegal character in array arg.

See the LaTeX manual or LaTeX Companion for explanation.
Type  H <return>  for immediate help.
 ...                                              
                                                  
l.12 \begin{tabular}{@{}*{2}{>{$}l<{$}}@{}}
                                           
You're in trouble here.  Try typing  <return>  to proceed.
If that doesn't work, type  X <return>  to quit.


./integral.tex:12: LaTeX Error: Illegal character in array arg.

See the LaTeX manual or LaTeX Companion for explanation.
Type  H <return>  for immediate help.
 ...                                              
                                                  
l.12 \begin{tabular}{@{}*{2}{>{$}l<{$}}@{}}
                                           
You're in trouble here.  Try typing  <return>  to proceed.
If that doesn't work, type  X <return>  to quit.


./integral.tex:12: LaTeX Error: Illegal character in array arg.

See the LaTeX manual or LaTeX Companion for explanation.
Type  H <return>  for immediate help.
 ...                                              
                                                  
l.12 \begin{tabular}{@{}*{2}{>{$}l<{$}}@{}}
                                           
You're in trouble here.  Try typing  <return>  to proceed.
If that doesn't work, type  X <return>  to quit.


./integral.tex:12: LaTeX Error: Illegal character in array arg.

See the LaTeX manual or LaTeX Companion for explanation.
Type  H <return>  for immediate help.
 ...                                              
                                                  
l.12 \begin{tabular}{@{}*{2}{>{$}l<{$}}@{}}
                                           
You're in trouble here.  Try typing  <return>  to proceed.
If that doesn't work, type  X <return>  to quit.

./integral.tex:13: Missing $ inserted.
<inserted text> 
                $
l.13   \int
            0 \,dx = c \\
I've inserted a begin-math/end-math symbol since I think
you left one out. Proceed, with fingers crossed.

./integral.tex:14: Extra }, or forgotten $.
<template> \unskip \hfil }
                          \hskip \tabcolsep \endtemplate 
l.14   \int
            1 \,dx = \int \,dx = x  \\
I've deleted a group-closing symbol because it seems to be
spurious, as in `$x}$'. But perhaps the } is legitimate and
you forgot something else, as in `\hbox{$x}'. In such cases
the way to recover is to insert both the forgotten and the
deleted material, e.g., by typing `I$}'.

./integral.tex:14: Missing $ inserted.
<inserted text> 
                $
l.14   \int
            1 \,dx = \int \,dx = x  \\
I've inserted a begin-math/end-math symbol since I think
you left one out. Proceed, with fingers crossed.

./integral.tex:14: Missing } inserted.
<inserted text> 
                }
l.14   \int
            1 \,dx = \int \,dx = x  \\
I've inserted something that you may have forgotten.
(See the <inserted text> above.)
With luck, this will get me unwedged. But if you
really didn't forget anything, try typing `2' now; then
my insertion and my current dilemma will both disappear.

./integral.tex:14: Missing $ inserted.
<inserted text> 
                $
l.14   \int
            1 \,dx = \int \,dx = x  \\
I've inserted a begin-math/end-math symbol since I think
you left one out. Proceed, with fingers crossed.

./integral.tex:15: Extra }, or forgotten $.
<template> \unskip \hfil }
                          \hskip \tabcolsep \endtemplate 
l.15   \int
            x^{n} \,dx = \frac{x^{n+1}}{n+1}, \qq{$n\neq -1$} \\
I've deleted a group-closing symbol because it seems to be
spurious, as in `$x}$'. But perhaps the } is legitimate and
you forgot something else, as in `\hbox{$x}'. In such cases
the way to recover is to insert both the forgotten and the
deleted material, e.g., by typing `I$}'.

./integral.tex:15: Missing $ inserted.
<inserted text> 
                $
l.15   \int
            x^{n} \,dx = \frac{x^{n+1}}{n+1}, \qq{$n\neq -1$} \\
I've inserted a begin-math/end-math symbol since I think
you left one out. Proceed, with fingers crossed.

./integral.tex:15: Missing } inserted.
<inserted text> 
                }
l.15   \int
            x^{n} \,dx = \frac{x^{n+1}}{n+1}, \qq{$n\neq -1$} \\
I've inserted something that you may have forgotten.
(See the <inserted text> above.)
With luck, this will get me unwedged. But if you
really didn't forget anything, try typing `2' now; then
my insertion and my current dilemma will both disappear.

./integral.tex:15: Missing $ inserted.
<inserted text> 
                $
l.15   \int
            x^{n} \,dx = \frac{x^{n+1}}{n+1}, \qq{$n\neq -1$} \\
I've inserted a begin-math/end-math symbol since I think
you left one out. Proceed, with fingers crossed.

./integral.tex:15: Undefined control sequence.
l.15   \int x^{n} \,dx = \frac{x^{n+1}}{n+1}, \qq
                                                 {$n\neq -1$} \\
The control sequence at the end of the top line
of your error message was never \def'ed. If you have
misspelled it (e.g., `\hobx'), type `I' and the correct
spelling (e.g., `I\hbox'). Otherwise just continue,
and I'll forget about whatever was undefined.

./integral.tex:15: Missing } inserted.
<inserted text> 
                }
l.15 ...nt x^{n} \,dx = \frac{x^{n+1}}{n+1}, \qq{$
                                                  n\neq -1$} \\
I've inserted something that you may have forgotten.
(See the <inserted text> above.)
With luck, this will get me unwedged. But if you
really didn't forget anything, try typing `2' now; then
my insertion and my current dilemma will both disappear.

Missing character: There is no n in font nullfont!
./integral.tex:15: Missing $ inserted.
<inserted text> 
                $
l.15 ...{n} \,dx = \frac{x^{n+1}}{n+1}, \qq{$n\neq
                                                   -1$} \\
I've inserted a begin-math/end-math symbol since I think
you left one out. Proceed, with fingers crossed.

./integral.tex:16: Missing { inserted.
<inserted text> 
                {
l.16   \int
            \frac{1}{x} \,dx = \ln\abs{x}  \\
I've put in what seems to be necessary to fix
the current column of the current alignment.
Try to go on, since this might almost work.

./integral.tex:16: Missing $ inserted.
<inserted text> 
                $
l.16   \int
            \frac{1}{x} \,dx = \ln\abs{x}  \\
I've inserted a begin-math/end-math symbol since I think
you left one out. Proceed, with fingers crossed.

./integral.tex:16: Undefined control sequence.
l.16   \int \frac{1}{x} \,dx = \ln\abs
                                      {x}  \\
The control sequence at the end of the top line
of your error message was never \def'ed. If you have
misspelled it (e.g., `\hobx'), type `I' and the correct
spelling (e.g., `I\hbox'). Otherwise just continue,
and I'll forget about whatever was undefined.

./integral.tex:17: Extra }, or forgotten $.
<template> \unskip \hfil }
                          \hskip \tabcolsep \endtemplate 
l.17   \int
            a^{x} \,dx = \frac{a^{x}}{\ln a}, \qq{$a>0$, $a\neq 1$} \\
I've deleted a group-closing symbol because it seems to be
spurious, as in `$x}$'. But perhaps the } is legitimate and
you forgot something else, as in `\hbox{$x}'. In such cases
the way to recover is to insert both the forgotten and the
deleted material, e.g., by typing `I$}'.

./integral.tex:17: Missing $ inserted.
<inserted text> 
                $
l.17   \int
            a^{x} \,dx = \frac{a^{x}}{\ln a}, \qq{$a>0$, $a\neq 1$} \\
I've inserted a begin-math/end-math symbol since I think
you left one out. Proceed, with fingers crossed.

./integral.tex:17: Missing } inserted.
<inserted text> 
                }
l.17   \int
            a^{x} \,dx = \frac{a^{x}}{\ln a}, \qq{$a>0$, $a\neq 1$} \\
I've inserted something that you may have forgotten.
(See the <inserted text> above.)
With luck, this will get me unwedged. But if you
really didn't forget anything, try typing `2' now; then
my insertion and my current dilemma will both disappear.

./integral.tex:17: Missing $ inserted.
<inserted text> 
                $
l.17   \int
            a^{x} \,dx = \frac{a^{x}}{\ln a}, \qq{$a>0$, $a\neq 1$} \\
I've inserted a begin-math/end-math symbol since I think
you left one out. Proceed, with fingers crossed.

./integral.tex:17: Undefined control sequence.
l.17   \int a^{x} \,dx = \frac{a^{x}}{\ln a}, \qq
                                                 {$a>0$, $a\neq 1$} \\
The control sequence at the end of the top line
of your error message was never \def'ed. If you have
misspelled it (e.g., `\hobx'), type `I' and the correct
spelling (e.g., `I\hbox'). Otherwise just continue,
and I'll forget about whatever was undefined.

./integral.tex:17: Missing } inserted.
<inserted text> 
                }
l.17 ...nt a^{x} \,dx = \frac{a^{x}}{\ln a}, \qq{$
                                                  a>0$, $a\neq 1$} \\
I've inserted something that you may have forgotten.
(See the <inserted text> above.)
With luck, this will get me unwedged. But if you
really didn't forget anything, try typing `2' now; then
my insertion and my current dilemma will both disappear.

Missing character: There is no a in font nullfont!
Missing character: There is no > in font nullfont!
Missing character: There is no 0 in font nullfont!
Missing character: There is no a in font nullfont!
./integral.tex:17: Missing $ inserted.
<inserted text> 
                $
l.17 ...x = \frac{a^{x}}{\ln a}, \qq{$a>0$, $a\neq
                                                   1$} \\
I've inserted a begin-math/end-math symbol since I think
you left one out. Proceed, with fingers crossed.

./integral.tex:18: Missing { inserted.
<inserted text> 
                {
l.18   \int
            e^{x} \,dx = e^{x}  \\
I've put in what seems to be necessary to fix
the current column of the current alignment.
Try to go on, since this might almost work.

./integral.tex:18: Missing $ inserted.
<inserted text> 
                $
l.18   \int
            e^{x} \,dx = e^{x}  \\
I've inserted a begin-math/end-math symbol since I think
you left one out. Proceed, with fingers crossed.

./integral.tex:19: Extra }, or forgotten $.
<template> \unskip \hfil }
                          \hskip \tabcolsep \endtemplate 
l.19   \int
            \sqrt[n]{x^{m}} \,dx =  \int x^{\frac{m}{n}} \,dx = \frac{x^{\fr...
I've deleted a group-closing symbol because it seems to be
spurious, as in `$x}$'. But perhaps the } is legitimate and
you forgot something else, as in `\hbox{$x}'. In such cases
the way to recover is to insert both the forgotten and the
deleted material, e.g., by typing `I$}'.

./integral.tex:19: Missing $ inserted.
<inserted text> 
                $
l.19   \int
            \sqrt[n]{x^{m}} \,dx =  \int x^{\frac{m}{n}} \,dx = \frac{x^{\fr...
I've inserted a begin-math/end-math symbol since I think
you left one out. Proceed, with fingers crossed.

./integral.tex:19: Missing } inserted.
<inserted text> 
                }
l.19   \int
            \sqrt[n]{x^{m}} \,dx =  \int x^{\frac{m}{n}} \,dx = \frac{x^{\fr...
I've inserted something that you may have forgotten.
(See the <inserted text> above.)
With luck, this will get me unwedged. But if you
really didn't forget anything, try typing `2' now; then
my insertion and my current dilemma will both disappear.

./integral.tex:19: Missing $ inserted.
<inserted text> 
                $
l.19   \int
            \sqrt[n]{x^{m}} \,dx =  \int x^{\frac{m}{n}} \,dx = \frac{x^{\fr...
I've inserted a begin-math/end-math symbol since I think
you left one out. Proceed, with fingers crossed.

./integral.tex:20: Extra }, or forgotten $.
<template> \unskip \hfil }
                          \hskip \tabcolsep \endtemplate 
l.20   \int
            \sin x \,dx = -\cos x & \int \sinh x \,dx = \cosh x \\
I've deleted a group-closing symbol because it seems to be
spurious, as in `$x}$'. But perhaps the } is legitimate and
you forgot something else, as in `\hbox{$x}'. In such cases
the way to recover is to insert both the forgotten and the
deleted material, e.g., by typing `I$}'.

./integral.tex:20: Missing $ inserted.
<inserted text> 
                $
l.20   \int
            \sin x \,dx = -\cos x & \int \sinh x \,dx = \cosh x \\
I've inserted a begin-math/end-math symbol since I think
you left one out. Proceed, with fingers crossed.

./integral.tex:20: Missing } inserted.
<inserted text> 
                }
l.20   \int
            \sin x \,dx = -\cos x & \int \sinh x \,dx = \cosh x \\
I've inserted something that you may have forgotten.
(See the <inserted text> above.)
With luck, this will get me unwedged. But if you
really didn't forget anything, try typing `2' now; then
my insertion and my current dilemma will both disappear.

./integral.tex:20: Missing $ inserted.
<inserted text> 
                $
l.20   \int
            \sin x \,dx = -\cos x & \int \sinh x \,dx = \cosh x \\
I've inserted a begin-math/end-math symbol since I think
you left one out. Proceed, with fingers crossed.

./integral.tex:20: Extra }, or forgotten $.
<template> \unskip \hfil }
                          \hskip \tabcolsep \endtemplate 
l.20   \int \sin x \,dx = -\cos x &
                                    \int \sinh x \,dx = \cosh x \\
I've deleted a group-closing symbol because it seems to be
spurious, as in `$x}$'. But perhaps the } is legitimate and
you forgot something else, as in `\hbox{$x}'. In such cases
the way to recover is to insert both the forgotten and the
deleted material, e.g., by typing `I$}'.

./integral.tex:20: Missing $ inserted.
<inserted text> 
                $
l.20   \int \sin x \,dx = -\cos x &
                                    \int \sinh x \,dx = \cosh x \\
I've inserted a begin-math/end-math symbol since I think
you left one out. Proceed, with fingers crossed.

./integral.tex:20: Missing } inserted.
<inserted text> 
                }
l.20   \int \sin x \,dx = -\cos x &
                                    \int \sinh x \,dx = \cosh x \\
I've inserted something that you may have forgotten.
(See the <inserted text> above.)
With luck, this will get me unwedged. But if you
really didn't forget anything, try typing `2' now; then
my insertion and my current dilemma will both disappear.

./integral.tex:20: Missing $ inserted.
<inserted text> 
                $
l.20   \int \sin x \,dx = -\cos x & \int
                                         \sinh x \,dx = \cosh x \\
I've inserted a begin-math/end-math symbol since I think
you left one out. Proceed, with fingers crossed.

./integral.tex:21: Extra }, or forgotten $.
<template> \unskip \hfil }
                          \hskip \tabcolsep \endtemplate 
l.21   \int
            \cos x \,dx = \sin x & \int \cosh x \,dx = \sinh x \\
I've deleted a group-closing symbol because it seems to be
spurious, as in `$x}$'. But perhaps the } is legitimate and
you forgot something else, as in `\hbox{$x}'. In such cases
the way to recover is to insert both the forgotten and the
deleted material, e.g., by typing `I$}'.

./integral.tex:21: Missing $ inserted.
<inserted text> 
                $
l.21   \int
            \cos x \,dx = \sin x & \int \cosh x \,dx = \sinh x \\
I've inserted a begin-math/end-math symbol since I think
you left one out. Proceed, with fingers crossed.

./integral.tex:21: Missing } inserted.
<inserted text> 
                }
l.21   \int
            \cos x \,dx = \sin x & \int \cosh x \,dx = \sinh x \\
I've inserted something that you may have forgotten.
(See the <inserted text> above.)
With luck, this will get me unwedged. But if you
really didn't forget anything, try typing `2' now; then
my insertion and my current dilemma will both disappear.

./integral.tex:21: Missing $ inserted.
<inserted text> 
                $
l.21   \int
            \cos x \,dx = \sin x & \int \cosh x \,dx = \sinh x \\
I've inserted a begin-math/end-math symbol since I think
you left one out. Proceed, with fingers crossed.

./integral.tex:21: Extra }, or forgotten $.
<template> \unskip \hfil }
                          \hskip \tabcolsep \endtemplate 
l.21   \int \cos x \,dx = \sin x &
                                   \int \cosh x \,dx = \sinh x \\
I've deleted a group-closing symbol because it seems to be
spurious, as in `$x}$'. But perhaps the } is legitimate and
you forgot something else, as in `\hbox{$x}'. In such cases
the way to recover is to insert both the forgotten and the
deleted material, e.g., by typing `I$}'.

./integral.tex:21: Missing $ inserted.
<inserted text> 
                $
l.21   \int \cos x \,dx = \sin x &
                                   \int \cosh x \,dx = \sinh x \\
I've inserted a begin-math/end-math symbol since I think
you left one out. Proceed, with fingers crossed.

./integral.tex:21: Missing } inserted.
<inserted text> 
                }
l.21   \int \cos x \,dx = \sin x &
                                   \int \cosh x \,dx = \sinh x \\
I've inserted something that you may have forgotten.
(See the <inserted text> above.)
With luck, this will get me unwedged. But if you
really didn't forget anything, try typing `2' now; then
my insertion and my current dilemma will both disappear.

./integral.tex:21: Missing $ inserted.
<inserted text> 
                $
l.21   \int \cos x \,dx = \sin x & \int
                                        \cosh x \,dx = \sinh x \\
I've inserted a begin-math/end-math symbol since I think
you left one out. Proceed, with fingers crossed.

./integral.tex:22: Extra }, or forgotten $.
<template> \unskip \hfil }
                          \hskip \tabcolsep \endtemplate 
l.22   \int
            \tan x \,dx = \ln\sec x = -\ln\cos x & \int \tanh x \,dx = \ln\c...
I've deleted a group-closing symbol because it seems to be
spurious, as in `$x}$'. But perhaps the } is legitimate and
you forgot something else, as in `\hbox{$x}'. In such cases
the way to recover is to insert both the forgotten and the
deleted material, e.g., by typing `I$}'.

./integral.tex:22: Missing $ inserted.
<inserted text> 
                $
l.22   \int
            \tan x \,dx = \ln\sec x = -\ln\cos x & \int \tanh x \,dx = \ln\c...
I've inserted a begin-math/end-math symbol since I think
you left one out. Proceed, with fingers crossed.

./integral.tex:22: Missing } inserted.
<inserted text> 
                }
l.22   \int
            \tan x \,dx = \ln\sec x = -\ln\cos x & \int \tanh x \,dx = \ln\c...
I've inserted something that you may have forgotten.
(See the <inserted text> above.)
With luck, this will get me unwedged. But if you
really didn't forget anything, try typing `2' now; then
my insertion and my current dilemma will both disappear.

./integral.tex:22: Missing $ inserted.
<inserted text> 
                $
l.22   \int
            \tan x \,dx = \ln\sec x = -\ln\cos x & \int \tanh x \,dx = \ln\c...
I've inserted a begin-math/end-math symbol since I think
you left one out. Proceed, with fingers crossed.

./integral.tex:22: Extra }, or forgotten $.
<template> \unskip \hfil }
                          \hskip \tabcolsep \endtemplate 
l.22   \int \tan x \,dx = \ln\sec x = -\ln\cos x &
                                                   \int \tanh x \,dx = \ln\c...
I've deleted a group-closing symbol because it seems to be
spurious, as in `$x}$'. But perhaps the } is legitimate and
you forgot something else, as in `\hbox{$x}'. In such cases
the way to recover is to insert both the forgotten and the
deleted material, e.g., by typing `I$}'.

./integral.tex:22: Missing $ inserted.
<inserted text> 
                $
l.22   \int \tan x \,dx = \ln\sec x = -\ln\cos x &
                                                   \int \tanh x \,dx = \ln\c...
I've inserted a begin-math/end-math symbol since I think
you left one out. Proceed, with fingers crossed.

./integral.tex:22: Missing } inserted.
<inserted text> 
                }
l.22   \int \tan x \,dx = \ln\sec x = -\ln\cos x &
                                                   \int \tanh x \,dx = \ln\c...
I've inserted something that you may have forgotten.
(See the <inserted text> above.)
With luck, this will get me unwedged. But if you
really didn't forget anything, try typing `2' now; then
my insertion and my current dilemma will both disappear.

./integral.tex:22: Missing $ inserted.
<inserted text> 
                $
l.22 ...tan x \,dx = \ln\sec x = -\ln\cos x & \int
                                                   \tanh x \,dx = \ln\cosh x \\
I've inserted a begin-math/end-math symbol since I think
you left one out. Proceed, with fingers crossed.

./integral.tex:23: Extra }, or forgotten $.
<template> \unskip \hfil }
                          \hskip \tabcolsep \endtemplate 
l.23   \int
            \cot x \,dx = \ln\sin x & \int \coth x \,dx = \ln\sinh x \\
I've deleted a group-closing symbol because it seems to be
spurious, as in `$x}$'. But perhaps the } is legitimate and
you forgot something else, as in `\hbox{$x}'. In such cases
the way to recover is to insert both the forgotten and the
deleted material, e.g., by typing `I$}'.

./integral.tex:23: Missing $ inserted.
<inserted text> 
                $
l.23   \int
            \cot x \,dx = \ln\sin x & \int \coth x \,dx = \ln\sinh x \\
I've inserted a begin-math/end-math symbol since I think
you left one out. Proceed, with fingers crossed.

./integral.tex:23: Missing } inserted.
<inserted text> 
                }
l.23   \int
            \cot x \,dx = \ln\sin x & \int \coth x \,dx = \ln\sinh x \\
I've inserted something that you may have forgotten.
(See the <inserted text> above.)
With luck, this will get me unwedged. But if you
really didn't forget anything, try typing `2' now; then
my insertion and my current dilemma will both disappear.

./integral.tex:23: Missing $ inserted.
<inserted text> 
                $
l.23   \int
            \cot x \,dx = \ln\sin x & \int \coth x \,dx = \ln\sinh x \\
I've inserted a begin-math/end-math symbol since I think
you left one out. Proceed, with fingers crossed.

./integral.tex:23: Extra }, or forgotten $.
<template> \unskip \hfil }
                          \hskip \tabcolsep \endtemplate 
l.23   \int \cot x \,dx = \ln\sin x &
                                      \int \coth x \,dx = \ln\sinh x \\
I've deleted a group-closing symbol because it seems to be
spurious, as in `$x}$'. But perhaps the } is legitimate and
you forgot something else, as in `\hbox{$x}'. In such cases
the way to recover is to insert both the forgotten and the
deleted material, e.g., by typing `I$}'.

./integral.tex:23: Missing $ inserted.
<inserted text> 
                $
l.23   \int \cot x \,dx = \ln\sin x &
                                      \int \coth x \,dx = \ln\sinh x \\
I've inserted a begin-math/end-math symbol since I think
you left one out. Proceed, with fingers crossed.

./integral.tex:23: Missing } inserted.
<inserted text> 
                }
l.23   \int \cot x \,dx = \ln\sin x &
                                      \int \coth x \,dx = \ln\sinh x \\
I've inserted something that you may have forgotten.
(See the <inserted text> above.)
With luck, this will get me unwedged. But if you
really didn't forget anything, try typing `2' now; then
my insertion and my current dilemma will both disappear.

./integral.tex:23: Missing $ inserted.
<inserted text> 
                $
l.23   \int \cot x \,dx = \ln\sin x & \int
                                           \coth x \,dx = \ln\sinh x \\
I've inserted a begin-math/end-math symbol since I think
you left one out. Proceed, with fingers crossed.

./integral.tex:24: Extra }, or forgotten $.
<template> \unskip \hfil }
                          \hskip \tabcolsep \endtemplate 
l.24   \int
            \sec x \,dx = \ln(\sec x + \tan x) = \ln\tan(\frac{x}{2}+\frac{\...
I've deleted a group-closing symbol because it seems to be
spurious, as in `$x}$'. But perhaps the } is legitimate and
you forgot something else, as in `\hbox{$x}'. In such cases
the way to recover is to insert both the forgotten and the
deleted material, e.g., by typing `I$}'.

./integral.tex:24: Missing $ inserted.
<inserted text> 
                $
l.24   \int
            \sec x \,dx = \ln(\sec x + \tan x) = \ln\tan(\frac{x}{2}+\frac{\...
I've inserted a begin-math/end-math symbol since I think
you left one out. Proceed, with fingers crossed.

./integral.tex:24: Missing } inserted.
<inserted text> 
                }
l.24   \int
            \sec x \,dx = \ln(\sec x + \tan x) = \ln\tan(\frac{x}{2}+\frac{\...
I've inserted something that you may have forgotten.
(See the <inserted text> above.)
With luck, this will get me unwedged. But if you
really didn't forget anything, try typing `2' now; then
my insertion and my current dilemma will both disappear.

./integral.tex:24: Missing $ inserted.
<inserted text> 
                $
l.24   \int
            \sec x \,dx = \ln(\sec x + \tan x) = \ln\tan(\frac{x}{2}+\frac{\...
I've inserted a begin-math/end-math symbol since I think
you left one out. Proceed, with fingers crossed.

./integral.tex:24: Extra }, or forgotten $.
<template> \unskip \hfil }
                          \hskip \tabcolsep \endtemplate 
l.24 ... x) = \ln\tan(\frac{x}{2}+\frac{\pi}{4}) &
                                                   \int \sech x \,dx = \sin^...
I've deleted a group-closing symbol because it seems to be
spurious, as in `$x}$'. But perhaps the } is legitimate and
you forgot something else, as in `\hbox{$x}'. In such cases
the way to recover is to insert both the forgotten and the
deleted material, e.g., by typing `I$}'.

./integral.tex:24: Missing $ inserted.
<inserted text> 
                $
l.24 ... x) = \ln\tan(\frac{x}{2}+\frac{\pi}{4}) &
                                                   \int \sech x \,dx = \sin^...
I've inserted a begin-math/end-math symbol since I think
you left one out. Proceed, with fingers crossed.

./integral.tex:24: Missing } inserted.
<inserted text> 
                }
l.24 ... x) = \ln\tan(\frac{x}{2}+\frac{\pi}{4}) &
                                                   \int \sech x \,dx = \sin^...
I've inserted something that you may have forgotten.
(See the <inserted text> above.)
With luck, this will get me unwedged. But if you
really didn't forget anything, try typing `2' now; then
my insertion and my current dilemma will both disappear.

./integral.tex:24: Missing $ inserted.
<inserted text> 
                $
l.24 ... \ln\tan(\frac{x}{2}+\frac{\pi}{4}) & \int
                                                   \sech x \,dx = \sin^{-1}(...
I've inserted a begin-math/end-math symbol since I think
you left one out. Proceed, with fingers crossed.

./integral.tex:24: Undefined control sequence.
l.24 ...an(\frac{x}{2}+\frac{\pi}{4}) & \int \sech
                                                   x \,dx = \sin^{-1}(\tanh ...
The control sequence at the end of the top line
of your error message was never \def'ed. If you have
misspelled it (e.g., `\hobx'), type `I' and the correct
spelling (e.g., `I\hbox'). Otherwise just continue,
and I'll forget about whatever was undefined.

./integral.tex:25: Extra }, or forgotten $.
<template> \unskip \hfil }
                          \hskip \tabcolsep \endtemplate 
l.25   \int
            \csc x \,dx = \ln(\csc x - \cot x) = \ln\tan\frac{x}{2} & \int \...
I've deleted a group-closing symbol because it seems to be
spurious, as in `$x}$'. But perhaps the } is legitimate and
you forgot something else, as in `\hbox{$x}'. In such cases
the way to recover is to insert both the forgotten and the
deleted material, e.g., by typing `I$}'.

./integral.tex:25: Missing $ inserted.
<inserted text> 
                $
l.25   \int
            \csc x \,dx = \ln(\csc x - \cot x) = \ln\tan\frac{x}{2} & \int \...
I've inserted a begin-math/end-math symbol since I think
you left one out. Proceed, with fingers crossed.

./integral.tex:25: Missing } inserted.
<inserted text> 
                }
l.25   \int
            \csc x \,dx = \ln(\csc x - \cot x) = \ln\tan\frac{x}{2} & \int \...
I've inserted something that you may have forgotten.
(See the <inserted text> above.)
With luck, this will get me unwedged. But if you
really didn't forget anything, try typing `2' now; then
my insertion and my current dilemma will both disappear.

./integral.tex:25: Missing $ inserted.
<inserted text> 
                $
l.25   \int
            \csc x \,dx = \ln(\csc x - \cot x) = \ln\tan\frac{x}{2} & \int \...
I've inserted a begin-math/end-math symbol since I think
you left one out. Proceed, with fingers crossed.

./integral.tex:25: Extra }, or forgotten $.
<template> \unskip \hfil }
                          \hskip \tabcolsep \endtemplate 
l.25 ...ln(\csc x - \cot x) = \ln\tan\frac{x}{2} &
                                                   \int \csch x \,dx = \ln\t...
I've deleted a group-closing symbol because it seems to be
spurious, as in `$x}$'. But perhaps the } is legitimate and
you forgot something else, as in `\hbox{$x}'. In such cases
the way to recover is to insert both the forgotten and the
deleted material, e.g., by typing `I$}'.

./integral.tex:25: Missing $ inserted.
<inserted text> 
                $
l.25 ...ln(\csc x - \cot x) = \ln\tan\frac{x}{2} &
                                                   \int \csch x \,dx = \ln\t...
I've inserted a begin-math/end-math symbol since I think
you left one out. Proceed, with fingers crossed.

./integral.tex:25: Missing } inserted.
<inserted text> 
                }
l.25 ...ln(\csc x - \cot x) = \ln\tan\frac{x}{2} &
                                                   \int \csch x \,dx = \ln\t...
I've inserted something that you may have forgotten.
(See the <inserted text> above.)
With luck, this will get me unwedged. But if you
really didn't forget anything, try typing `2' now; then
my insertion and my current dilemma will both disappear.

./integral.tex:25: Missing $ inserted.
<inserted text> 
                $
l.25 ...sc x - \cot x) = \ln\tan\frac{x}{2} & \int
                                                   \csch x \,dx = \ln\tanh\f...
I've inserted a begin-math/end-math symbol since I think
you left one out. Proceed, with fingers crossed.

./integral.tex:25: Undefined control sequence.
l.25 ... \cot x) = \ln\tan\frac{x}{2} & \int \csch
                                                   x \,dx = \ln\tanh\frac{x}...
The control sequence at the end of the top line
of your error message was never \def'ed. If you have
misspelled it (e.g., `\hobx'), type `I' and the correct
spelling (e.g., `I\hbox'). Otherwise just continue,
and I'll forget about whatever was undefined.

./integral.tex:26: Extra }, or forgotten $.
<template> \unskip \hfil }
                          \hskip \tabcolsep \endtemplate 
l.26   \int
            \sec^{2}x \,dx = \tan x & \int \sech^{2}x \,dx = \tanh x \\
I've deleted a group-closing symbol because it seems to be
spurious, as in `$x}$'. But perhaps the } is legitimate and
you forgot something else, as in `\hbox{$x}'. In such cases
the way to recover is to insert both the forgotten and the
deleted material, e.g., by typing `I$}'.

./integral.tex:26: Missing $ inserted.
<inserted text> 
                $
l.26   \int
            \sec^{2}x \,dx = \tan x & \int \sech^{2}x \,dx = \tanh x \\
I've inserted a begin-math/end-math symbol since I think
you left one out. Proceed, with fingers crossed.

./integral.tex:26: Missing } inserted.
<inserted text> 
                }
l.26   \int
            \sec^{2}x \,dx = \tan x & \int \sech^{2}x \,dx = \tanh x \\
I've inserted something that you may have forgotten.
(See the <inserted text> above.)
With luck, this will get me unwedged. But if you
really didn't forget anything, try typing `2' now; then
my insertion and my current dilemma will both disappear.

./integral.tex:26: Missing $ inserted.
<inserted text> 
                $
l.26   \int
            \sec^{2}x \,dx = \tan x & \int \sech^{2}x \,dx = \tanh x \\
I've inserted a begin-math/end-math symbol since I think
you left one out. Proceed, with fingers crossed.

./integral.tex:26: Extra }, or forgotten $.
<template> \unskip \hfil }
                          \hskip \tabcolsep \endtemplate 
l.26   \int \sec^{2}x \,dx = \tan x &
                                      \int \sech^{2}x \,dx = \tanh x \\
I've deleted a group-closing symbol because it seems to be
spurious, as in `$x}$'. But perhaps the } is legitimate and
you forgot something else, as in `\hbox{$x}'. In such cases
the way to recover is to insert both the forgotten and the
deleted material, e.g., by typing `I$}'.

./integral.tex:26: Missing $ inserted.
<inserted text> 
                $
l.26   \int \sec^{2}x \,dx = \tan x &
                                      \int \sech^{2}x \,dx = \tanh x \\
I've inserted a begin-math/end-math symbol since I think
you left one out. Proceed, with fingers crossed.

./integral.tex:26: Missing } inserted.
<inserted text> 
                }
l.26   \int \sec^{2}x \,dx = \tan x &
                                      \int \sech^{2}x \,dx = \tanh x \\
I've inserted something that you may have forgotten.
(See the <inserted text> above.)
With luck, this will get me unwedged. But if you
really didn't forget anything, try typing `2' now; then
my insertion and my current dilemma will both disappear.

./integral.tex:26: Missing $ inserted.
<inserted text> 
                $
l.26   \int \sec^{2}x \,dx = \tan x & \int
                                           \sech^{2}x \,dx = \tanh x \\
I've inserted a begin-math/end-math symbol since I think
you left one out. Proceed, with fingers crossed.

./integral.tex:26: Undefined control sequence.
l.26   \int \sec^{2}x \,dx = \tan x & \int \sech
                                                ^{2}x \,dx = \tanh x \\
The control sequence at the end of the top line
of your error message was never \def'ed. If you have
misspelled it (e.g., `\hobx'), type `I' and the correct
spelling (e.g., `I\hbox'). Otherwise just continue,
and I'll forget about whatever was undefined.

./integral.tex:27: Extra }, or forgotten $.
<template> \unskip \hfil }
                          \hskip \tabcolsep \endtemplate 
l.27   \int
            \csc^{2}x \,dx = -\cot x & \int \csch^{2}x \,dx = -\coth x \\
I've deleted a group-closing symbol because it seems to be
spurious, as in `$x}$'. But perhaps the } is legitimate and
you forgot something else, as in `\hbox{$x}'. In such cases
the way to recover is to insert both the forgotten and the
deleted material, e.g., by typing `I$}'.

./integral.tex:27: Missing $ inserted.
<inserted text> 
                $
l.27   \int
            \csc^{2}x \,dx = -\cot x & \int \csch^{2}x \,dx = -\coth x \\
I've inserted a begin-math/end-math symbol since I think
you left one out. Proceed, with fingers crossed.

./integral.tex:27: Missing } inserted.
<inserted text> 
                }
l.27   \int
            \csc^{2}x \,dx = -\cot x & \int \csch^{2}x \,dx = -\coth x \\
I've inserted something that you may have forgotten.
(See the <inserted text> above.)
With luck, this will get me unwedged. But if you
really didn't forget anything, try typing `2' now; then
my insertion and my current dilemma will both disappear.

./integral.tex:27: Missing $ inserted.
<inserted text> 
                $
l.27   \int
            \csc^{2}x \,dx = -\cot x & \int \csch^{2}x \,dx = -\coth x \\
(That makes 100 errors; please try again.) 
Here is how much of TeX's memory you used:
 8 strings out of 493030
 268 string characters out of 6136238
 58065 words of memory out of 5000000
 3643 multiletter control sequences out of 15000+600000
 3640 words of font info for 14 fonts, out of 8000000 for 9000
 1141 hyphenation exceptions out of 8191
 18i,12n,16p,137b,110s stack positions out of 5000i,500n,10000p,200000b,80000s

./integral.tex:27:  ==> Fatal error occurred, no output PDF file produced!
