\BOOKMARK [0][]{chapter.1}{\376\377\003\243\003\304\003\261\003\304\003\271\003\303\003\304\003\271\003\272\003\256\000\040\000-\000\040\003\240\003\271\003\270\003\261\003\275\003\314\003\304\003\267\003\304\003\265\003\302}{}% 1
\BOOKMARK [1][]{section.1.1}{\376\377\003\221\003\301\003\271\003\270\003\274\003\267\003\304\003\271\003\272\003\255\003\302\000\040\003\234\003\255\003\270\003\277\003\264\003\277\003\271\000\040\003\243\003\315\003\275\003\277\003\310\003\267\003\302\000\040\003\224\003\265\003\264\003\277\003\274\003\255\003\275\003\311\003\275}{chapter.1}% 2
\BOOKMARK [1][]{section.1.2}{\376\377\003\240\003\271\003\270\003\261\003\275\003\314\003\304\003\267\003\304\003\265\003\302}{chapter.1}% 3
\BOOKMARK [1][]{section.1.3}{\376\377\003\221\003\301\003\307\003\255\003\302\000\040\003\221\003\300\003\261\003\301\003\257\003\270\003\274\003\267\003\303\003\267\003\302}{chapter.1}% 4
\BOOKMARK [1][]{section.1.4}{\376\377\003\232\003\261\003\304\003\261\003\275\003\277\003\274\003\255\003\302\000\040\003\240\003\271\003\270\003\261\003\275\003\314\003\304\003\267\003\304\003\261\003\302}{chapter.1}% 5
\BOOKMARK [1][]{section.1.5}{\376\377\003\243\003\305\003\275\003\304\003\265\003\273\003\265\003\303\003\304\003\255\003\302\000\040\003\225\003\305\003\270\003\265\003\257\003\261\003\302\000\040\003\240\003\261\003\273\003\271\003\275\003\264\003\301\003\314\003\274\003\267\003\303\003\267\003\302}{chapter.1}% 6
\BOOKMARK [1][]{section.1.6}{\376\377\003\243\003\305\003\275\003\304\003\265\003\273\003\265\003\303\003\304\003\256\003\302\000\040\003\243\003\305\003\303\003\307\003\255\003\304\003\271\003\303\003\267\003\302}{chapter.1}% 7
\BOOKMARK [1][]{section.1.7}{\376\377\003\243\003\305\003\275\003\304\003\265\003\273\003\265\003\303\003\304\003\256\003\302\000\040\003\240\003\301\003\277\003\303\003\264\003\271\003\277\003\301\003\271\003\303\003\274\003\277\003\315}{chapter.1}% 8
\BOOKMARK [0][]{chapter.2}{\376\377\003\234\003\271\003\263\003\261\003\264\003\271\003\272\003\277\003\257\000\040\003\221\003\301\003\271\003\270\003\274\003\277\003\257}{}% 9
\BOOKMARK [1][]{section.2.1}{\376\377\003\234\003\271\003\263\003\261\003\264\003\271\003\272\003\277\003\257\000\040\003\221\003\301\003\271\003\270\003\274\003\277\003\257}{chapter.2}% 10
\BOOKMARK [0][]{chapter.3}{\376\377\003\221\003\273\003\263\003\265\003\262\003\301\003\271\003\272\003\255\003\302\000\040\003\244\003\261\003\305\003\304\003\314\003\304\003\267\003\304\003\265\003\302}{}% 11
\BOOKMARK [1][]{section.3.1}{\376\377\003\240\003\261\003\301\003\261\003\263\003\277\003\275\003\304\003\271\003\272\003\314}{chapter.3}% 12
\BOOKMARK [1][]{section.3.2}{\376\377\003\224\003\271\003\311\003\275\003\305\003\274\003\271\003\272\003\314\000\040\003\221\003\275\003\254\003\300\003\304\003\305\003\263\003\274\003\261}{chapter.3}% 13
\BOOKMARK [2][]{subsection.3.2.1}{\376\377\003\244\003\315\003\300\003\277\003\302\000\040\003\304\003\277\003\305\000\040\003\224\003\271\003\311\003\275\003\315\003\274\003\277\003\305}{section.3.2}% 14
\BOOKMARK [2][]{subsection.3.2.2}{\376\377\003\224\003\271\003\311\003\275\003\305\003\274\003\271\003\272\003\277\003\257\000\040\003\243\003\305\003\275\003\304\003\265\003\273\003\265\003\303\003\304\003\255\003\302}{section.3.2}% 15
\BOOKMARK [2][]{subsection.3.2.3}{\376\377\003\231\003\264\003\257\003\314\003\304\003\267\003\304\003\265\003\302\000\040\003\224\003\271\003\311\003\275\003\305\003\274\003\271\003\272\003\316\003\275\000\040\003\243\003\305\003\275\003\304\003\265\003\273\003\265\003\303\003\304\003\316\003\275}{section.3.2}% 16
\BOOKMARK [1][]{section.3.3}{\376\377\003\240\003\277\003\273\003\305\003\311\003\275\003\305\003\274\003\271\003\272\003\314\000\040\003\221\003\275\003\254\003\300\003\304\003\305\003\263\003\274\003\261}{chapter.3}% 17
\BOOKMARK [1][]{section.3.4}{\376\377\003\225\003\272\003\270\003\265\003\304\003\271\003\272\003\255\003\302\000\040\003\272\003\261\003\271\000\040\003\233\003\277\003\263\003\261\003\301\003\271\003\270\003\274\003\271\003\272\003\255\003\302\000\040\003\243\003\305\003\275\003\261\003\301\003\304\003\256\003\303\003\265\003\271\003\302}{chapter.3}% 18
\BOOKMARK [2][]{subsection.3.4.1}{\376\377\003\231\003\264\003\271\003\314\003\304\003\267\003\304\003\265\003\302\000\040\003\304\003\311\003\275\000\040\003\224\003\305\003\275\003\254\003\274\003\265\003\311\003\275}{section.3.4}% 19
\BOOKMARK [2][]{subsection.3.4.2}{\376\377\003\233\003\277\003\263\003\254\003\301\003\271\003\270\003\274\003\277\003\271}{section.3.4}% 20
\BOOKMARK [2][]{subsection.3.4.3}{\376\377\003\221\003\273\003\273\003\261\003\263\003\256\000\040\003\222\003\254\003\303\003\267\003\302}{section.3.4}% 21
\BOOKMARK [0][]{chapter.4}{\376\377\003\245\003\300\003\265\003\301\003\262\003\277\003\273\003\271\003\272\003\255\003\302\000\040\003\243\003\305\003\275\003\261\003\301\003\304\003\256\003\303\003\265\003\271\003\302}{}% 22
\BOOKMARK [1][]{subsection.4.0.1}{\376\377\003\237\003\301\003\271\003\303\003\274\003\277\003\257}{chapter.4}% 23
\BOOKMARK [2][]{subsection.4.0.2}{\376\377\003\244\003\261\003\305\003\304\003\314\003\304\003\267\003\304\003\265\003\302\000\040\003\274\003\265\003\304\003\261\003\276\003\315\000\040\003\245\003\300\003\265\003\301\003\262\003\277\003\273\003\271\003\272\003\316\003\275\000\040\003\303\003\305\003\275\003\261\003\301\003\304\003\256\003\303\003\265\003\311\003\275}{subsection.4.0.1}% 24
\BOOKMARK [2][]{subsection.4.0.3}{\376\377\003\223\003\301\003\261\003\306\003\271\003\272\003\255\003\302\000\040\003\300\003\261\003\301\003\261\003\303\003\304\003\254\003\303\003\265\003\271\003\302}{subsection.4.0.1}% 25
\BOOKMARK [2][]{subsection.4.0.4}{\376\377\003\221\003\275\003\304\003\257\003\303\003\304\003\301\003\277\003\306\003\265\003\302\000\040\003\245\003\300\003\265\003\301\003\262\003\277\003\273\003\271\003\272\003\255\003\302\000\040\003\243\003\305\003\275\003\261\003\301\003\304\003\256\003\303\003\265\003\271\003\302}{subsection.4.0.1}% 26
\BOOKMARK [2][]{subsection.4.0.5}{\376\377\003\243\003\307\003\255\003\303\003\265\003\271\003\302\000\040\003\274\003\265\003\304\003\261\003\276\003\315\000\040\003\245\003\300\003\265\003\301\003\262\003\277\003\273\003\271\003\272\003\316\003\275\000\040\003\243\003\305\003\275\003\261\003\301\003\304\003\256\003\303\003\265\003\311\003\275}{subsection.4.0.1}% 27
\BOOKMARK [2][]{subsection.4.0.6}{\376\377\003\223\003\301\003\261\003\306\003\271\003\272\003\255\003\302\000\040\003\240\003\261\003\301\003\261\003\303\003\304\003\254\003\303\003\265\003\271\003\302\000\040\003\221\003\275\003\304\003\257\003\303\003\304\003\301\003\277\003\306\003\311\003\275\000\040\003\245\003\300\003\265\003\301\003\262\003\277\003\273\003\271\003\272\003\316\003\275\000\040\003\243\003\305\003\275\003\261\003\301\003\304\003\256\003\303\003\265\003\311\003\275}{subsection.4.0.1}% 28
\BOOKMARK [2][]{subsection.4.0.7}{\376\377\003\243\003\307\003\255\003\303\003\265\003\271\003\302\000\040\003\274\003\265\003\304\003\261\003\276\003\315\000\040\003\245\003\300\003\265\003\301\003\262\003\277\003\273\003\271\003\272\003\316\003\275\000\040\003\244\003\301\003\271\003\263\003\311\003\275\003\277\003\274\003\265\003\304\003\301\003\271\003\272\003\316\003\275\000\040\003\272\003\261\003\271\000\040\003\244\003\301\003\271\003\263\003\311\003\275\003\277\003\274\003\265\003\304\003\301\003\271\003\272\003\316\003\275\000\040\003\243\003\305\003\275\003\261\003\301\003\304\003\256\003\303\003\265\003\311\003\275}{subsection.4.0.1}% 29
\BOOKMARK [2][]{subsection.4.0.8}{\376\377\003\240\003\265\003\301\003\271\003\277\003\264\003\271\003\272\003\314\003\304\003\267\003\304\003\261\000\040\003\245\003\300\003\265\003\301\003\262\003\277\003\273\003\271\003\272\003\316\003\275\000\040\003\243\003\305\003\275\003\261\003\301\003\304\003\256\003\303\003\265\003\311\003\275}{subsection.4.0.1}% 30
\BOOKMARK [2][]{subsection.4.0.9}{\376\377\003\243\003\307\003\255\003\303\003\265\003\271\003\302\000\040\003\274\003\265\003\304\003\261\003\276\003\315\000\040\003\261\003\275\003\304\003\257\003\303\003\304\003\301\003\277\003\306\003\311\003\275\000\040\003\305\003\300\003\265\003\301\003\262\003\277\003\273\003\271\003\272\003\316\003\275\000\040\003\272\003\261\003\271\000\040\003\261\003\275\003\304\003\257\003\303\003\304\003\301\003\277\003\306\003\311\003\275\000\040\003\304\003\301\003\271\003\263\003\311\003\275\003\277\003\274\003\265\003\304\003\301\003\271\003\272\003\316\003\275\000\040\003\303\003\305\003\275\003\261\003\301\003\304\003\256\003\303\003\265\003\311\003\275}{subsection.4.0.1}% 31
\BOOKMARK [0][]{chapter.5}{\376\377\003\224\003\271\003\261\003\306\003\277\003\301\003\271\003\272\003\314\003\302\000\040\003\233\003\277\003\263\003\271\003\303\003\274\003\314\003\302}{}% 32
\BOOKMARK [1][]{section.5.1}{\376\377\003\240\003\261\003\301\003\254\003\263\003\311\003\263\003\277\003\271}{chapter.5}% 33
\BOOKMARK [2][]{subsection.5.1.1}{\376\377\003\237\003\301\003\271\003\303\003\274\003\314\003\302}{section.5.1}% 34
\BOOKMARK [2][]{subsection.5.1.2}{\376\377\003\240\003\261\003\301\003\254\003\263\003\311\003\263\003\277\003\271\000\040\003\222\003\261\003\303\003\271\003\272\003\316\003\275\000\040\003\243\003\305\003\275\003\261\003\301\003\304\003\256\003\303\003\265\003\311\003\275}{section.5.1}% 35
\BOOKMARK [2][]{subsection.5.1.3}{\376\377\003\240\003\261\003\301\003\261\003\263\003\311\003\263\003\277\003\271\000\040\003\244\003\301\003\271\003\263\003\311\003\275\003\277\003\274\003\265\003\304\003\301\003\271\003\272\003\316\003\275\000\040\003\272\003\261\003\271\000\040\003\221\003\275\003\304\003\257\003\303\003\304\003\301\003\277\003\306\003\311\003\275\000\040\003\244\003\301\003\271\003\263\003\311\003\275\003\277\003\274\003\265\003\304\003\301\003\271\003\272\003\316\003\275\000\040\003\243\003\305\003\275\003\261\003\301\003\304\003\256\003\303\003\265\003\311\003\275}{section.5.1}% 36
\BOOKMARK [2][]{subsection.5.1.4}{\376\377\003\240\003\261\003\301\003\261\003\263\003\311\003\263\003\277\003\271\000\040\003\245\003\300\003\265\003\301\003\262\003\277\003\273\003\271\003\272\003\316\003\275\000\040\003\272\003\261\003\271\000\040\003\221\003\275\003\304\003\257\003\303\003\304\003\301\003\277\003\306\003\311\003\275\000\040\003\245\003\300\003\265\003\301\003\262\003\277\003\273\003\271\003\272\003\316\003\275\000\040\003\243\003\305\003\275\003\261\003\301\003\304\003\256\003\303\003\265\003\311\003\275}{section.5.1}% 37
\BOOKMARK [2][]{subsection.5.1.5}{\376\377\003\232\003\261\003\275\003\314\003\275\003\265\003\302\000\040\003\240\003\261\003\301\003\261\003\263\003\316\003\263\003\271\003\303\003\267\003\302}{section.5.1}% 38
\BOOKMARK [2][]{subsection.5.1.6}{\376\377\003\243\003\315\003\275\003\270\003\265\003\304\003\267\000\040\003\240\003\261\003\301\003\261\003\263\003\316\003\263\003\271\003\303\003\267}{section.5.1}% 39
\BOOKMARK [2][]{subsection.5.1.7}{\376\377\003\240\003\261\003\301\003\254\003\263\003\311\003\263\003\277\003\302\000\040\003\221\003\275\003\304\003\257\003\303\003\304\003\301\003\277\003\306\003\267\003\302\000\040\003\243\003\305\003\275\003\254\003\301\003\304\003\267\003\303\003\267\003\302}{section.5.1}% 40
\BOOKMARK [2][]{subsection.5.1.8}{\376\377\003\240\003\261\003\301\003\254\003\263\003\311\003\263\003\277\003\271\000\040\003\221\003\275\003\316\003\304\003\265\003\301\003\267\003\302\000\040\003\244\003\254\003\276\003\267\003\302}{section.5.1}% 41
\BOOKMARK [2][]{subsection.5.1.9}{\376\377\003\244\003\315\003\300\003\277\003\302\000\040\000L\000e\000i\000b\000n\000i\000z}{section.5.1}% 42
\BOOKMARK [2][]{subsection.5.1.10}{\376\377\003\224\003\271\003\261\003\306\003\277\003\301\003\271\003\272\003\314}{section.5.1}% 43
\BOOKMARK [2][]{subsection.5.1.11}{\376\377\003\231\003\264\003\271\003\314\003\304\003\267\003\304\003\265\003\302\000\040\003\224\003\271\003\261\003\306\003\277\003\301\003\271\003\272\003\316\003\275}{section.5.1}% 44
\BOOKMARK [1][]{section.5.2}{\376\377\003\234\003\265\003\301\003\271\003\272\003\255\003\302\000\040\003\240\003\261\003\301\003\254\003\263\003\311\003\263\003\277\003\271}{chapter.5}% 45
\BOOKMARK [2][]{subsection.5.2.1}{\376\377\003\224\003\271\003\261\003\306\003\277\003\301\003\271\003\272\003\254\000\040\003\243\003\305\003\275\003\261\003\301\003\304\003\256\003\303\003\265\003\311\003\275\000\040\003\240\003\277\003\273\003\273\003\316\003\275\000\040\003\234\003\265\003\304\003\261\003\262\003\273\003\267\003\304\003\316\003\275}{section.5.2}% 46
\BOOKMARK [0][]{chapter.6}{\376\377\003\237\003\273\003\277\003\272\003\273\003\267\003\301\003\316\003\274\003\261\003\304\003\261}{}% 47
\BOOKMARK [1][]{section.6.1}{\376\377\003\237\003\273\003\277\003\272\003\273\003\267\003\301\003\316\003\274\003\261\003\304\003\261}{chapter.6}% 48
\BOOKMARK [2][]{subsection.6.1.1}{\376\377\003\237\003\301\003\271\003\303\003\274\003\314\003\302\000\040\003\221\003\314\003\301\003\271\003\303\003\304\003\277\003\305\000\040\003\237\003\273\003\277\003\272\003\273\003\267\003\301\003\316\003\274\003\261\003\304\003\277\003\302}{section.6.1}% 49
\BOOKMARK [2][]{subsection.6.1.2}{\376\377\003\237\003\273\003\277\003\272\003\273\003\267\003\301\003\316\003\274\003\261\003\304\003\261\000\040\003\222\003\261\003\303\003\271\003\272\003\316\003\275\000\040\003\243\003\305\003\275\003\261\003\301\003\304\003\256\003\303\003\265\003\311\003\275}{section.6.1}% 50
\BOOKMARK [2][]{subsection.6.1.3}{\376\377\000a\000x\000+\000b}{section.6.1}% 51
\BOOKMARK [2][]{subsection.6.1.4}{\376\377\000a\000x\000+\000b}{section.6.1}% 52
\BOOKMARK [2][]{subsection.6.1.5}{\376\377\000\050\000a\000x\000+\000b\000\051\000,\000\040\000\050\000p\000x\000+\000q\000\051}{section.6.1}% 53
\BOOKMARK [2][]{subsection.6.1.6}{\376\377\000a\000x\000+\000b\000,\000\040\000p\000x\000+\000q}{section.6.1}% 54
\BOOKMARK [2][]{subsection.6.1.7}{\376\377\000a\000x\000+\000b\000,\000\040\000p\000x\000+\000q}{section.6.1}% 55
\BOOKMARK [2][]{subsection.6.1.8}{\376\377\000x\0002\000+\000a\0002}{section.6.1}% 56
\BOOKMARK [2][]{subsection.6.1.9}{\376\377\000x\0002\000-\000a\0002}{section.6.1}% 57
\BOOKMARK [2][]{subsection.6.1.10}{\376\377\000a\0002\000-\000x\0002}{section.6.1}% 58
\BOOKMARK [2][]{subsection.6.1.11}{\376\377\000x\0002\000+\000a\0002}{section.6.1}% 59
\BOOKMARK [2][]{subsection.6.1.12}{\376\377\000x\0002\000-\000a\0002}{section.6.1}% 60
\BOOKMARK [2][]{subsection.6.1.13}{\376\377\000a\0002\000-\000x\0002}{section.6.1}% 61
\BOOKMARK [2][]{subsection.6.1.14}{\376\377\000a\000x\0002\000+\000b\000x\000+\000c}{section.6.1}% 62
\BOOKMARK [2][]{subsection.6.1.15}{\376\377\000a\000x\0002\000+\000b\000x\000+\000c}{section.6.1}% 63
\BOOKMARK [2][]{subsection.6.1.16}{\376\377\000e\000a\000x}{section.6.1}% 64
